TelinkBleMeshDemo/build/intermediates/manifest_merge_blame_file/debug/manifest-merger-blame-debug-report.txt
1<?xml version="1.0" encoding="utf-8"?>
2<manifest xmlns:android="http://schemas.android.com/apk/res/android"
3    xmlns:app="http://schemas.android.com/apk/res-auto"
4    package="com.telink.ble.mesh.demo"
5    android:versionCode="3"
6    android:versionName="3.3.2" >
7
8    <uses-sdk
9        android:minSdkVersion="21"
9-->src\main\AndroidManifest.xml
10        android:targetSdkVersion="26" />
10-->src\main\AndroidManifest.xml
11
12    <uses-permission android:name="android.permission.BLUETOOTH" />
12-->src\main\AndroidManifest.xml:8:5-68
12-->src\main\AndroidManifest.xml:8:22-65
13    <uses-permission android:name="android.permission.BLUETOOTH_ADMIN" />
13-->src\main\AndroidManifest.xml:9:5-74
13-->src\main\AndroidManifest.xml:9:22-71
14    <uses-permission android:name="android.permission.ACCESS_FINE_LOCATION" />
14-->src\main\AndroidManifest.xml:10:5-79
14-->src\main\AndroidManifest.xml:10:22-76
15    <uses-permission android:name="android.permission.WRITE_EXTERNAL_STORAGE" />
15-->src\main\AndroidManifest.xml:11:5-81
15-->src\main\AndroidManifest.xml:11:22-78
16    <uses-permission android:name="android.permission.READ_EXTERNAL_STORAGE" />
16-->src\main\AndroidManifest.xml:12:5-80
16-->src\main\AndroidManifest.xml:12:22-77
17
18    <!-- QRCode -->
19    <uses-permission android:name="android.permission.CAMERA" />
19-->src\main\AndroidManifest.xml:15:5-65
19-->src\main\AndroidManifest.xml:15:22-62
20    <!-- download/upload -->
21    <uses-permission android:name="android.permission.INTERNET" />
21-->src\main\AndroidManifest.xml:17:5-67
21-->src\main\AndroidManifest.xml:17:22-64
22
23    <application
23-->src\main\AndroidManifest.xml:19:5-186:19
24        android:name="com.telink.ble.mesh.TelinkMeshApplication"
24-->src\main\AndroidManifest.xml:20:9-65
25        android:allowBackup="true"
25-->src\main\AndroidManifest.xml:21:9-35
26        android:appComponentFactory="androidx.core.app.CoreComponentFactory"
26-->[androidx.core:core:1.1.0] AndroidManifest.xml:24:18-86
27        android:debuggable="true"
28        android:icon="@mipmap/ic_launcher"
28-->src\main\AndroidManifest.xml:22:9-43
29        android:label="@string/app_name"
29-->src\main\AndroidManifest.xml:23:9-41
30        android:requestLegacyExternalStorage="true"
30-->src\main\AndroidManifest.xml:24:9-52
31        android:supportsRtl="true"
31-->src\main\AndroidManifest.xml:25:9-35
32        android:testOnly="true"
33        android:theme="@style/AppTheme" >
33-->src\main\AndroidManifest.xml:26:9-40
34        <activity
34-->src\main\AndroidManifest.xml:28:9-31:63
35            android:name="com.telink.ble.mesh.ui.CmdActivity"
35-->src\main\AndroidManifest.xml:29:13-62
36            android:screenOrientation="portrait"
36-->src\main\AndroidManifest.xml:30:13-49
37            android:windowSoftInputMode="stateAlwaysHidden" />
37-->src\main\AndroidManifest.xml:31:13-60
38        <activity
38-->src\main\AndroidManifest.xml:32:9-35:63
39            android:name="com.telink.ble.mesh.ui.TimerActivity"
39-->src\main\AndroidManifest.xml:33:13-64
40            android:screenOrientation="portrait"
40-->src\main\AndroidManifest.xml:34:13-49
41            android:windowSoftInputMode="stateAlwaysHidden" />
41-->src\main\AndroidManifest.xml:35:13-60
42        <activity
42-->src\main\AndroidManifest.xml:36:9-39:63
43            android:name="com.telink.ble.mesh.ui.MainActivity"
43-->src\main\AndroidManifest.xml:37:13-63
44            android:screenOrientation="portrait"
44-->src\main\AndroidManifest.xml:38:13-49
45            android:windowSoftInputMode="stateAlwaysHidden" />
45-->src\main\AndroidManifest.xml:39:13-60
46        <activity
46-->src\main\AndroidManifest.xml:41:9-44:63
47            android:name="com.telink.ble.mesh.ui.DeviceProvisionActivity"
47-->src\main\AndroidManifest.xml:42:13-74
48            android:screenOrientation="portrait"
48-->src\main\AndroidManifest.xml:43:13-49
49            android:windowSoftInputMode="stateAlwaysHidden" />
49-->src\main\AndroidManifest.xml:44:13-60
50        <activity
50-->src\main\AndroidManifest.xml:45:9-48:63
51            android:name="com.telink.ble.mesh.ui.DeviceAutoProvisionActivity"
51-->src\main\AndroidManifest.xml:46:13-78
52            android:screenOrientation="portrait"
52-->src\main\AndroidManifest.xml:47:13-49
53            android:windowSoftInputMode="stateAlwaysHidden" />
53-->src\main\AndroidManifest.xml:48:13-60
54        <activity
54-->src\main\AndroidManifest.xml:49:9-52:63
55            android:name="com.telink.ble.mesh.ui.DeviceSettingActivity"
55-->src\main\AndroidManifest.xml:50:13-72
56            android:screenOrientation="portrait"
56-->src\main\AndroidManifest.xml:51:13-49
57            android:windowSoftInputMode="stateAlwaysHidden" />
57-->src\main\AndroidManifest.xml:52:13-60
58        <activity
58-->src\main\AndroidManifest.xml:53:9-56:63
59            android:name="com.telink.ble.mesh.ui.DeviceOtaActivity"
59-->src\main\AndroidManifest.xml:54:13-68
60            android:screenOrientation="portrait"
60-->src\main\AndroidManifest.xml:55:13-49
61            android:windowSoftInputMode="stateAlwaysHidden" />
61-->src\main\AndroidManifest.xml:56:13-60
62        <activity
62-->src\main\AndroidManifest.xml:57:9-60:63
63            android:name="com.telink.ble.mesh.ui.LogActivity"
63-->src\main\AndroidManifest.xml:58:13-62
64            android:screenOrientation="portrait"
64-->src\main\AndroidManifest.xml:59:13-49
65            android:windowSoftInputMode="stateAlwaysHidden" />
65-->src\main\AndroidManifest.xml:60:13-60
66        <activity
66-->src\main\AndroidManifest.xml:62:9-65:63
67            android:name="com.telink.ble.mesh.ui.KeyBindActivity"
67-->src\main\AndroidManifest.xml:63:13-66
68            android:screenOrientation="portrait"
68-->src\main\AndroidManifest.xml:64:13-49
69            android:windowSoftInputMode="stateAlwaysHidden" />
69-->src\main\AndroidManifest.xml:65:13-60
70        <activity
70-->src\main\AndroidManifest.xml:66:9-69:63
71            android:name="com.telink.ble.mesh.ui.ModelSettingActivity"
71-->src\main\AndroidManifest.xml:67:13-71
72            android:screenOrientation="portrait"
72-->src\main\AndroidManifest.xml:68:13-49
73            android:windowSoftInputMode="stateAlwaysHidden" />
73-->src\main\AndroidManifest.xml:69:13-60
74        <activity
74-->src\main\AndroidManifest.xml:70:9-73:63
75            android:name="com.telink.ble.mesh.ui.GroupDeviceSelectActivity"
75-->src\main\AndroidManifest.xml:71:13-76
76            android:screenOrientation="portrait"
76-->src\main\AndroidManifest.xml:72:13-49
77            android:windowSoftInputMode="stateAlwaysHidden" />
77-->src\main\AndroidManifest.xml:73:13-60
78        <activity
78-->src\main\AndroidManifest.xml:74:9-77:63
79            android:name="com.telink.ble.mesh.ui.GroupSettingActivity"
79-->src\main\AndroidManifest.xml:75:13-71
80            android:screenOrientation="portrait"
80-->src\main\AndroidManifest.xml:76:13-49
81            android:windowSoftInputMode="stateAlwaysHidden" />
81-->src\main\AndroidManifest.xml:77:13-60
82        <activity
82-->src\main\AndroidManifest.xml:78:9-81:63
83            android:name="com.telink.ble.mesh.ui.ColorPanelActivity"
83-->src\main\AndroidManifest.xml:79:13-69
84            android:screenOrientation="portrait"
84-->src\main\AndroidManifest.xml:80:13-49
85            android:windowSoftInputMode="stateAlwaysHidden" />
85-->src\main\AndroidManifest.xml:81:13-60
86        <activity
86-->src\main\AndroidManifest.xml:82:9-85:63
87            android:name="com.telink.ble.mesh.ui.SchedulerSettingActivity"
87-->src\main\AndroidManifest.xml:83:13-75
88            android:screenOrientation="portrait"
88-->src\main\AndroidManifest.xml:84:13-49
89            android:windowSoftInputMode="stateAlwaysHidden" />
89-->src\main\AndroidManifest.xml:85:13-60
90        <activity
90-->src\main\AndroidManifest.xml:86:9-89:63
91            android:name="com.telink.ble.mesh.ui.SchedulerListActivity"
91-->src\main\AndroidManifest.xml:87:13-72
92            android:screenOrientation="portrait"
92-->src\main\AndroidManifest.xml:88:13-49
93            android:windowSoftInputMode="stateAlwaysHidden" />
93-->src\main\AndroidManifest.xml:89:13-60
94        <activity
94-->src\main\AndroidManifest.xml:90:9-93:63
95            android:name="com.telink.ble.mesh.ui.SceneSettingActivity"
95-->src\main\AndroidManifest.xml:91:13-71
96            android:screenOrientation="portrait"
96-->src\main\AndroidManifest.xml:92:13-49
97            android:windowSoftInputMode="stateAlwaysHidden" />
97-->src\main\AndroidManifest.xml:93:13-60
98        <activity
98-->src\main\AndroidManifest.xml:94:9-97:63
99            android:name="com.telink.ble.mesh.ui.SceneListActivity"
99-->src\main\AndroidManifest.xml:95:13-68
100            android:screenOrientation="portrait"
100-->src\main\AndroidManifest.xml:96:13-49
101            android:windowSoftInputMode="stateAlwaysHidden" />
101-->src\main\AndroidManifest.xml:97:13-60
102        <activity
102-->src\main\AndroidManifest.xml:98:9-101:63
103            android:name="com.telink.ble.mesh.ui.ModelListActivity"
103-->src\main\AndroidManifest.xml:99:13-68
104            android:screenOrientation="portrait"
104-->src\main\AndroidManifest.xml:100:13-49
105            android:windowSoftInputMode="stateAlwaysHidden" />
105-->src\main\AndroidManifest.xml:101:13-60
106        <activity
106-->src\main\AndroidManifest.xml:102:9-105:63
107            android:name="com.telink.ble.mesh.ui.SettingsActivity"
107-->src\main\AndroidManifest.xml:103:13-67
108            android:screenOrientation="portrait"
108-->src\main\AndroidManifest.xml:104:13-49
109            android:windowSoftInputMode="stateAlwaysHidden" />
109-->src\main\AndroidManifest.xml:105:13-60
110        <activity
110-->src\main\AndroidManifest.xml:106:9-109:63
111            android:name="com.telink.ble.mesh.ui.ShareActivity"
111-->src\main\AndroidManifest.xml:107:13-64
112            android:screenOrientation="portrait"
112-->src\main\AndroidManifest.xml:108:13-49
113            android:windowSoftInputMode="stateAlwaysHidden" />
113-->src\main\AndroidManifest.xml:109:13-60
114        <activity
114-->src\main\AndroidManifest.xml:110:9-113:63
115            android:name="com.telink.ble.mesh.ui.TipsActivity"
115-->src\main\AndroidManifest.xml:111:13-63
116            android:screenOrientation="portrait"
116-->src\main\AndroidManifest.xml:112:13-49
117            android:windowSoftInputMode="stateAlwaysHidden" />
117-->src\main\AndroidManifest.xml:113:13-60
118        <activity
118-->src\main\AndroidManifest.xml:114:9-117:63
119            android:name="com.telink.ble.mesh.ui.JsonPreviewActivity"
119-->src\main\AndroidManifest.xml:115:13-70
120            android:screenOrientation="portrait"
120-->src\main\AndroidManifest.xml:116:13-49
121            android:windowSoftInputMode="stateAlwaysHidden" />
121-->src\main\AndroidManifest.xml:117:13-60
122        <activity
122-->src\main\AndroidManifest.xml:118:9-121:63
123            android:name="com.telink.ble.mesh.ui.DebugActivity"
123-->src\main\AndroidManifest.xml:119:13-64
124            android:screenOrientation="portrait"
124-->src\main\AndroidManifest.xml:120:13-49
125            android:windowSoftInputMode="stateAlwaysHidden" />
125-->src\main\AndroidManifest.xml:121:13-60
126        <activity
126-->src\main\AndroidManifest.xml:122:9-125:63
127            android:name="com.telink.ble.mesh.ui.LpnSettingActivity"
127-->src\main\AndroidManifest.xml:123:13-69
128            android:screenOrientation="portrait"
128-->src\main\AndroidManifest.xml:124:13-49
129            android:windowSoftInputMode="stateAlwaysHidden" />
129-->src\main\AndroidManifest.xml:125:13-60
130        <activity
130-->src\main\AndroidManifest.xml:126:9-129:63
131            android:name="com.telink.ble.mesh.ui.RemoteProvisionActivity"
131-->src\main\AndroidManifest.xml:127:13-74
132            android:screenOrientation="portrait"
132-->src\main\AndroidManifest.xml:128:13-49
133            android:windowSoftInputMode="stateAlwaysHidden" />
133-->src\main\AndroidManifest.xml:129:13-60
134        <activity
134-->src\main\AndroidManifest.xml:130:9-133:63
135            android:name="com.telink.ble.mesh.ui.MeshOTAActivity"
135-->src\main\AndroidManifest.xml:131:13-66
136            android:screenOrientation="portrait"
136-->src\main\AndroidManifest.xml:132:13-49
137            android:windowSoftInputMode="stateAlwaysHidden" />
137-->src\main\AndroidManifest.xml:133:13-60
138        <activity
138-->src\main\AndroidManifest.xml:135:9-144:20
139            android:name="com.telink.ble.mesh.ui.SplashActivity"
139-->src\main\AndroidManifest.xml:136:13-65
140            android:screenOrientation="portrait"
140-->src\main\AndroidManifest.xml:137:13-49
141            android:windowSoftInputMode="stateAlwaysHidden" >
141-->src\main\AndroidManifest.xml:138:13-60
142            <intent-filter>
142-->src\main\AndroidManifest.xml:139:13-143:29
143                <action android:name="android.intent.action.MAIN" />
143-->src\main\AndroidManifest.xml:140:17-69
143-->src\main\AndroidManifest.xml:140:25-66
144
145                <category android:name="android.intent.category.LAUNCHER" />
145-->src\main\AndroidManifest.xml:142:17-77
145-->src\main\AndroidManifest.xml:142:27-74
146            </intent-filter>
147        </activity>
148        <activity
148-->src\main\AndroidManifest.xml:145:9-148:63
149            android:name="com.telink.ble.mesh.ui.FastProvisionActivity"
149-->src\main\AndroidManifest.xml:146:13-72
150            android:screenOrientation="portrait"
150-->src\main\AndroidManifest.xml:147:13-49
151            android:windowSoftInputMode="stateAlwaysHidden" />
151-->src\main\AndroidManifest.xml:148:13-60
152        <activity
152-->src\main\AndroidManifest.xml:149:9-152:63
153            android:name="com.telink.ble.mesh.ui.qrcode.QRCodeShareActivity"
153-->src\main\AndroidManifest.xml:150:13-77
154            android:screenOrientation="portrait"
154-->src\main\AndroidManifest.xml:151:13-49
155            android:windowSoftInputMode="stateAlwaysHidden" />
155-->src\main\AndroidManifest.xml:152:13-60
156        <activity
156-->src\main\AndroidManifest.xml:153:9-156:63
157            android:name="com.telink.ble.mesh.ui.qrcode.QRCodeScanActivity"
157-->src\main\AndroidManifest.xml:154:13-76
158            android:screenOrientation="portrait"
158-->src\main\AndroidManifest.xml:155:13-49
159            android:windowSoftInputMode="stateAlwaysHidden" />
159-->src\main\AndroidManifest.xml:156:13-60
160        <activity
160-->src\main\AndroidManifest.xml:158:9-161:63
161            android:name="com.telink.ble.mesh.ui.file.FileSelectActivity"
161-->src\main\AndroidManifest.xml:159:13-74
162            android:screenOrientation="portrait"
162-->src\main\AndroidManifest.xml:160:13-49
163            android:windowSoftInputMode="stateAlwaysHidden" />
163-->src\main\AndroidManifest.xml:161:13-60
164        <activity
164-->src\main\AndroidManifest.xml:163:9-166:63
165            android:name="com.telink.ble.mesh.ui.file.FileSearchActivity"
165-->src\main\AndroidManifest.xml:164:13-74
166            android:screenOrientation="portrait"
166-->src\main\AndroidManifest.xml:165:13-49
167            android:windowSoftInputMode="stateAlwaysHidden" />
167-->src\main\AndroidManifest.xml:166:13-60
168        <activity
168-->src\main\AndroidManifest.xml:168:9-171:63
169            android:name="com.telink.ble.mesh.ui.CompositionDataActivity"
169-->src\main\AndroidManifest.xml:169:13-74
170            android:screenOrientation="portrait"
170-->src\main\AndroidManifest.xml:170:13-49
171            android:windowSoftInputMode="stateAlwaysHidden" />
171-->src\main\AndroidManifest.xml:171:13-60
172        <activity
172-->src\main\AndroidManifest.xml:172:9-175:63
173            android:name="com.telink.ble.mesh.ui.OOBInfoActivity"
173-->src\main\AndroidManifest.xml:173:13-66
174            android:screenOrientation="portrait"
174-->src\main\AndroidManifest.xml:174:13-49
175            android:windowSoftInputMode="stateAlwaysHidden" />
175-->src\main\AndroidManifest.xml:175:13-60
176        <activity android:name="com.telink.ble.mesh.ui.OOBEditActivity" />
176-->src\main\AndroidManifest.xml:176:9-75
176-->src\main\AndroidManifest.xml:176:19-72
177        <activity
177-->src\main\AndroidManifest.xml:177:9-179:63
178            android:name="com.telink.ble.mesh.ui.test.OnOffTestActivity"
178-->src\main\AndroidManifest.xml:178:13-73
179            android:windowSoftInputMode="stateAlwaysHidden" />
179-->src\main\AndroidManifest.xml:179:13-60
180        <activity android:name="com.telink.ble.mesh.ui.test.ConnectionTestActivity" />
180-->src\main\AndroidManifest.xml:180:9-87
180-->src\main\AndroidManifest.xml:180:19-84
181        <activity android:name="com.telink.ble.mesh.ui.NodeNetKeyActivity" />
181-->src\main\AndroidManifest.xml:181:9-78
181-->src\main\AndroidManifest.xml:181:19-75
182        <activity android:name="com.telink.ble.mesh.ui.MeshInfoActivity" />
182-->src\main\AndroidManifest.xml:182:9-76
182-->src\main\AndroidManifest.xml:182:19-73
183        <activity android:name="com.telink.ble.mesh.ui.SubnetBridgeActivity" />
183-->src\main\AndroidManifest.xml:183:9-80
183-->src\main\AndroidManifest.xml:183:19-77
184        <activity android:name="com.telink.ble.mesh.ui.BridgingTableAddActivity" />
184-->src\main\AndroidManifest.xml:184:9-84
184-->src\main\AndroidManifest.xml:184:19-81
185    </application>
186
187</manifest>